<?xml version="1.0" encoding="UTF-8"?>
<coverage generated="1700000000">
  <project timestamp="1700000000" name="Clover Coverage">
    <package name="App\Services">
      <file name="/build/workspace/app/Services/Catalog.php">
        <class name="Catalog" namespace="App\Services"/>
        <line num="10" type="method" name="handle" visibility="public" complexity="2" crap="2" count="4"/>
        <line num="12" type="stmt" count="4"/>
        <line num="13" type="cond" count="4" truecount="1" falsecount="1"/>
        <line num="15" type="stmt" count="0"/>
        <metrics loc="20" ncloc="16" classes="1" methods="1" coveredmethods="1" statements="3" coveredstatements="2"/>
      </file>
    </package>
  </project>
</coverage>
