<?xml version="1.0" ?>
<!DOCTYPE coverage SYSTEM 'http://cobertura.sourceforge.net/xml/coverage-04.dtd'>
<coverage lines-valid="4" lines-covered="2" line-rate="0.5" version="1" timestamp="0">
  <sources>
    <source>/build/workspace</source>
  </sources>
  <packages>
    <package name="src" line-rate="0.5">
      <classes>
        <class name="calculator" filename="src/calculator.js" line-rate="0.5">
          <methods>
            <method name="add" signature="()V" line="1">
              <lines><line number="1" hits="3"/></lines>
            </method>
            <method name="subtract" signature="()V" line="5">
              <lines><line number="5" hits="0"/></lines>
            </method>
          </methods>
          <lines>
            <line number="1" hits="3"/>
            <line number="2" hits="3" branch="true" condition-coverage="50% (1/2)"/>
            <line number="3" hits="0"/>
            <line number="5" hits="0"/>
          </lines>
        </class>
      </classes>
    </package>
  </packages>
</coverage>
